#
# A fatal error has been detected by the Java Runtime Environment:
#
#  EXCEPTION_ACCESS_VIOLATION (0xc0000005) at pc=0x00007ffb6a8cb7a3, pid=16296, tid=27272
#
# JRE version: Java(TM) SE Runtime Environment (23.0.1+11) (build 23.0.1+11-39)
# Java VM: Java HotSpot(TM) 64-Bit Server VM (23.0.1+11-39, mixed mode, sharing, tiered, compressed oops, compressed class ptrs, g1 gc, windows-amd64)
# Problematic frame:
# V  [jvm.dll+0x1eb7a3]
#
# No core dump will be written. Minidumps are not enabled by default on client versions of Windows
#
# If you would like to submit a bug report, please visit:
#   https://bugreport.java.com/bugreport/crash.jsp
#

---------------  S U M M A R Y ------------

Command Line: -javaagent:C:\Program Files\JetBrains\IntelliJ IDEA Community Edition 2024.3.1.1\lib\idea_rt.jar=63455:C:\Program Files\JetBrains\IntelliJ IDEA Community Edition 2024.3.1.1\bin -Dfile.encoding=UTF-8 -Dsun.stdout.encoding=UTF-8 -Dsun.stderr.encoding=UTF-8 io.github.alberes.guest.spring.security.jwt.GuestSpringSecurityJwtApplication

Host: Intel(R) Core(TM) i9-14900HX, 32 cores, 31G,  Windows 11 , 64 bit Build 26100 (10.0.26100.3775)
Time: Tue Apr 15 11:48:39 2025 Hora oficial do Brasil elapsed time: 1.173821 seconds (0d 0h 0m 1s)

---------------  T H R E A D  ---------------

Current thread (0x0000017b5a0edfd0):  JavaThread "C2 CompilerThread0" daemon [_thread_in_native, id=27272, stack(0x00000065b0f00000,0x00000065b1000000) (1024K)]


Current CompileTask:
C2:1173 4025       4       org.springframework.core.ResolvableType::forType (112 bytes)

Stack: [0x00000065b0f00000,0x00000065b1000000],  sp=0x00000065b0ffa428,  free space=1001k
Native frames: (J=compiled Java code, j=interpreted, Vv=VM code, C=native code)
V  [jvm.dll+0x1eb7a3]  (no source info available)


siginfo: EXCEPTION_ACCESS_VIOLATION (0xc0000005), writing address 0x00000d587d60d3b8


Registers:
RAX=0x0000017b5da08630, RBX=0x0000017ba3f809a8, RCX=0x0000017ba3f809a8, RDX=0x0000000000000001
RSP=0x00000065b0ffa428, RBP=0x0000000000000000, RSI=0x00000065b0ffa4f0, RDI=0x0000017ba3f809a8
R8 =0x0000000000000001, R9 =0x0000000000000000, R10=0x00000065b0ffe538, R11=0x0000000000000000
R12=0x0000000000000001, R13=0x0000017ba44448b8, R14=0x0000017ba4cfae78, R15=0x0000000000000001
RIP=0x00007ffb6a8cb7a3, EFLAGS=0x0000000000010206


Register to memory mapping:

RAX=0x0000017b5da08630 points into unknown readable memory: 0x00007ffb6b0b8328 | 28 83 0b 6b fb 7f 00 00
RBX=0x0000017ba3f809a8 points into unknown readable memory: 0x00007ffb6b0b5880 | 80 58 0b 6b fb 7f 00 00
RCX=0x0000017ba3f809a8 points into unknown readable memory: 0x00007ffb6b0b5880 | 80 58 0b 6b fb 7f 00 00
RDX=0x0000000000000001 is an unknown value
RSP=0x00000065b0ffa428 is pointing into the stack for thread: 0x0000017b5a0edfd0
RBP=0x0 is null
RSI=0x00000065b0ffa4f0 is pointing into the stack for thread: 0x0000017b5a0edfd0
RDI=0x0000017ba3f809a8 points into unknown readable memory: 0x00007ffb6b0b5880 | 80 58 0b 6b fb 7f 00 00
R8 =0x0000000000000001 is an unknown value
R9 =0x0 is null
R10=0x00000065b0ffe538 is pointing into the stack for thread: 0x0000017b5a0edfd0
R11=0x0 is null
R12=0x0000000000000001 is an unknown value
R13=0x0000017ba44448b8 points into unknown readable memory: 0x00007ffb6b0d3fd8 | d8 3f 0d 6b fb 7f 00 00
R14=0x0000017ba4cfae78 points into unknown readable memory: 0x0000017ba4379990 | 90 99 37 a4 7b 01 00 00
R15=0x0000000000000001 is an unknown value

Top of Stack: (sp=0x00000065b0ffa428)
0x00000065b0ffa428:   00007ffb6af1814e 0000017ba3f809a8
0x00000065b0ffa438:   0000000000000000 0000017ba3f809a8
0x00000065b0ffa448:   0000000000000000 0000000000000001
0x00000065b0ffa458:   00007ffb6af1afea 0000017ba3f809a8
0x00000065b0ffa468:   0000017ba3f809a8 0000017ba44448b8
0x00000065b0ffa478:   0000000000000000 0000017b00000001
0x00000065b0ffa488:   00007ffb6aa78022 0000017ba518ebf8
0x00000065b0ffa498:   0000000000000d2a 0000017ba4444d08
0x00000065b0ffa4a8:   00000065b0ffa810 00000065b0ffa560
0x00000065b0ffa4b8:   00007ffb6aa75c3e 0000017ba4444a68
0x00000065b0ffa4c8:   0000000000000000 0000017ba3f809a8
0x00000065b0ffa4d8:   0000000000000042 0000000000000006
0x00000065b0ffa4e8:   00007ffb6a9cd400 0000017ba3f809a8
0x00000065b0ffa4f8:   0000017ba4444cc0 00000065b0ffa810
0x00000065b0ffa508:   00007ffb6b0c3698 0000017b5daaf330
0x00000065b0ffa518:   0000017b5dab2400 0000000000000000
0x00000065b0ffa528:   00000065b0ffa810 0000017ba4b54a40
0x00000065b0ffa538:   0000017ba59a4001 0000017b3d3d7ea2
0x00000065b0ffa548:   0000000000000000 00000065b0ffa601
0x00000065b0ffa558:   00000065b0ffa801 00000065b0ffa810
0x00000065b0ffa568:   0000017ba44447a0 0000017b00000000
0x00000065b0ffa578:   0000017ba3f7f0d8 0000000600000000
0x00000065b0ffa588:   0000017b5da10ad8 000000000000001a
0x00000065b0ffa598:   00000065b0ffa918 00007ffb6a6e0000
0x00000065b0ffa5a8:   0000017b5a001fc0 0000017b5a001fc0
0x00000065b0ffa5b8:   0000017ba44447a0 0000000000000070
0x00000065b0ffa5c8:   00007ffb6add136f 00000065b0ffa918
0x00000065b0ffa5d8:   00000065b0ffa810 00000065b0ffa918
0x00000065b0ffa5e8:   0000017ba4789098 00000065b0ffa810
0x00000065b0ffa5f8:   0000017ba4797e18 0000006500000001
0x00000065b0ffa608:   00007ffbfffffffc 00000065b0ffa900
0x00000065b0ffa618:   00007ffb6add3369 0000017ba4789048 

Instructions: (pc=0x00007ffb6a8cb7a3)
0x00007ffb6a8cb6a3:   39 00 74 08 48 8b cf e8 b1 7d 1b 00 48 8b 4f 08
0x00007ffb6a8cb6b3:   48 8b 47 10 48 89 41 10 48 8b 4f 08 48 8b 47 18
0x00007ffb6a8cb6c3:   48 89 41 18 48 8b 4f 08 48 8b 47 20 48 89 41 20
0x00007ffb6a8cb6d3:   48 8d 8b a0 03 00 00 e8 51 9f 12 00 48 8b 6c 24
0x00007ffb6a8cb6e3:   38 90 c7 83 44 04 00 00 04 00 00 00 40 0f b6 c6
0x00007ffb6a8cb6f3:   48 8b 5c 24 30 48 8b 74 24 40 48 83 c4 20 5f c3
0x00007ffb6a8cb703:   cc cc cc cc cc cc cc cc cc cc cc cc cc 48 89 5c
0x00007ffb6a8cb713:   24 08 48 89 74 24 10 57 48 83 ec 20 49 63 c0 41
0x00007ffb6a8cb723:   8d 78 ff 48 8b d9 48 8b 49 20 80 7c 10 ff 2f 41
0x00007ffb6a8cb733:   0f 45 f8 44 8b c7 e8 92 5a 01 00 84 c0 74 4c 48
0x00007ffb6a8cb743:   8b 4b 20 8d 77 01 e8 12 5c 01 00 3b f0 7f 3c 48
0x00007ffb6a8cb753:   8b 4b 20 8b d7 e8 03 55 01 00 3c 2f 75 2d 48 8b
0x00007ffb6a8cb763:   4b 20 4c 8d 05 fc a1 7e 00 41 b9 01 00 00 00 8b
0x00007ffb6a8cb773:   d6 e8 07 56 01 00 85 c0 0f 98 c0 48 8b 5c 24 30
0x00007ffb6a8cb783:   48 8b 74 24 38 48 83 c4 20 5f c3 48 8b 5c 24 30
0x00007ffb6a8cb793:   32 c0 48 8b 74 24 38 48 83 c4 20 5f c3 8b 41 50
0x00007ffb6a8cb7a3:   c1 e8 09 24 01 c3 cc cc cc cc cc cc cc 40 53 48
0x00007ffb6a8cb7b3:   83 ec 20 8b 15 b8 78 ab 00 48 8b d9 65 48 8b 04
0x00007ffb6a8cb7c3:   25 58 00 00 00 b9 70 00 00 00 48 8b 04 d0 80 3c
0x00007ffb6a8cb7d3:   01 00 75 05 e8 1c 16 73 00 48 3b 1d c5 14 a5 00
0x00007ffb6a8cb7e3:   0f 94 c0 48 83 c4 20 5b c3 cc cc cc cc 40 53 48
0x00007ffb6a8cb7f3:   83 ec 20 80 79 41 00 48 8b d9 74 0e 8b 41 50 c1
0x00007ffb6a8cb803:   e8 04 24 01 48 83 c4 20 5b c3 e8 0e fa ff ff 84
0x00007ffb6a8cb813:   c0 0f 85 4e 01 00 00 48 89 74 24 38 48 8b b3 80
0x00007ffb6a8cb823:   00 00 00 48 85 f6 0f 85 2a 01 00 00 40 38 73 41
0x00007ffb6a8cb833:   74 08 48 8b f3 e9 12 01 00 00 65 48 8b 04 25 58
0x00007ffb6a8cb843:   00 00 00 8b 0d 28 78 ab 00 48 89 6c 24 30 48 89
0x00007ffb6a8cb853:   7c 24 40 48 8b 3c c8 b8 70 00 00 00 80 3c 38 00
0x00007ffb6a8cb863:   75 05 e8 8e 15 73 00 80 3d 23 f4 a5 00 00 b8 20
0x00007ffb6a8cb873:   00 00 00 48 8b 3c 38 c7 87 44 04 00 00 06 00 00
0x00007ffb6a8cb883:   00 75 06 e8 25 4b 4e 00 90 48 8b 87 48 04 00 00
0x00007ffb6a8cb893:   a8 01 74 0d 45 33 c0 b2 01 48 8b cf e8 3c 77 55 


Stack slot to memory mapping:

stack at sp + 0 slots: 0x00007ffb6af1814e jvm.dll
stack at sp + 1 slots: 0x0000017ba3f809a8 points into unknown readable memory: 0x00007ffb6b0b5880 | 80 58 0b 6b fb 7f 00 00
stack at sp + 2 slots: 0x0 is null
stack at sp + 3 slots: 0x0000017ba3f809a8 points into unknown readable memory: 0x00007ffb6b0b5880 | 80 58 0b 6b fb 7f 00 00
stack at sp + 4 slots: 0x0 is null
stack at sp + 5 slots: 0x0000000000000001 is an unknown value
stack at sp + 6 slots: 0x00007ffb6af1afea jvm.dll
stack at sp + 7 slots: 0x0000017ba3f809a8 points into unknown readable memory: 0x00007ffb6b0b5880 | 80 58 0b 6b fb 7f 00 00

Lock stack of current Java thread (top to bottom):


---------------  P R O C E S S  ---------------

Threads class SMR info:
_java_thread_list=0x0000017ba4c35d90, length=21, elements={
0x0000017b34f7c270, 0x0000017b5a0dbfe0, 0x0000017b5a0dcc40, 0x0000017b5a0de410,
0x0000017b5a0def70, 0x0000017b5a0ec480, 0x0000017b5a0ed090, 0x0000017b5a0edfd0,
0x0000017b5d9f3170, 0x0000017b5da5b290, 0x0000017b5db5c5c0, 0x0000017b5db679a0,
0x0000017b5db71600, 0x0000017b5dd5c420, 0x0000017ba313e900, 0x0000017ba33efcd0,
0x0000017ba33f0390, 0x0000017ba334a790, 0x0000017ba45b3d90, 0x0000017ba45b4b30,
0x0000017ba45b36c0
}

Java Threads: ( => current thread )
  0x0000017b34f7c270 JavaThread "main"                              [_thread_in_vm, id=40412, stack(0x00000065b0100000,0x00000065b0200000) (1024K)]
  0x0000017b5a0dbfe0 JavaThread "Reference Handler"          daemon [_thread_blocked, id=30568, stack(0x00000065b0900000,0x00000065b0a00000) (1024K)]
  0x0000017b5a0dcc40 JavaThread "Finalizer"                  daemon [_thread_blocked, id=26200, stack(0x00000065b0a00000,0x00000065b0b00000) (1024K)]
  0x0000017b5a0de410 JavaThread "Signal Dispatcher"          daemon [_thread_blocked, id=20060, stack(0x00000065b0b00000,0x00000065b0c00000) (1024K)]
  0x0000017b5a0def70 JavaThread "Attach Listener"            daemon [_thread_blocked, id=33584, stack(0x00000065b0c00000,0x00000065b0d00000) (1024K)]
  0x0000017b5a0ec480 JavaThread "Service Thread"             daemon [_thread_blocked, id=18784, stack(0x00000065b0d00000,0x00000065b0e00000) (1024K)]
  0x0000017b5a0ed090 JavaThread "Monitor Deflation Thread"   daemon [_thread_blocked, id=24236, stack(0x00000065b0e00000,0x00000065b0f00000) (1024K)]
=>0x0000017b5a0edfd0 JavaThread "C2 CompilerThread0"         daemon [_thread_in_native, id=27272, stack(0x00000065b0f00000,0x00000065b1000000) (1024K)]
  0x0000017b5d9f3170 JavaThread "C1 CompilerThread0"         daemon [_thread_blocked, id=39632, stack(0x00000065b1000000,0x00000065b1100000) (1024K)]
  0x0000017b5da5b290 JavaThread "C1 CompilerThread1"         daemon [_thread_blocked, id=19740, stack(0x00000065b1100000,0x00000065b1200000) (1024K)]
  0x0000017b5db5c5c0 JavaThread "Common-Cleaner"             daemon [_thread_blocked, id=39784, stack(0x00000065b1200000,0x00000065b1300000) (1024K)]
  0x0000017b5db679a0 JavaThread "C1 CompilerThread2"         daemon [_thread_blocked, id=33044, stack(0x00000065b1300000,0x00000065b1400000) (1024K)]
  0x0000017b5db71600 JavaThread "C2 CompilerThread1"         daemon [_thread_in_native, id=29000, stack(0x00000065b1400000,0x00000065b1500000) (1024K)]
  0x0000017b5dd5c420 JavaThread "Monitor Ctrl-Break"         daemon [_thread_in_native, id=2116, stack(0x00000065b1500000,0x00000065b1600000) (1024K)]
  0x0000017ba313e900 JavaThread "Notification Thread"        daemon [_thread_blocked, id=31424, stack(0x00000065b1600000,0x00000065b1700000) (1024K)]
  0x0000017ba33efcd0 JavaThread "C1 CompilerThread3"         daemon [_thread_in_native, id=36624, stack(0x00000065b1700000,0x00000065b1800000) (1024K)]
  0x0000017ba33f0390 JavaThread "C1 CompilerThread4"         daemon [_thread_blocked, id=37824, stack(0x00000065b1800000,0x00000065b1900000) (1024K)]
  0x0000017ba334a790 JavaThread "C2 CompilerThread2"         daemon [_thread_in_native, id=17576, stack(0x00000065b1900000,0x00000065b1a00000) (1024K)]
  0x0000017ba45b3d90 JavaThread "C2 CompilerThread3"         daemon [_thread_in_native, id=38436, stack(0x00000065b2700000,0x00000065b2800000) (1024K)]
  0x0000017ba45b4b30 JavaThread "C2 CompilerThread4"         daemon [_thread_in_native, id=39464, stack(0x00000065b2800000,0x00000065b2900000) (1024K)]
  0x0000017ba45b36c0 JavaThread "C2 CompilerThread5"         daemon [_thread_in_native, id=37080, stack(0x00000065b2900000,0x00000065b2a00000) (1024K)]
Total: 21

Other Threads:
  0x0000017b5a0c3ef0 VMThread "VM Thread"                           [id=40352, stack(0x00000065b0800000,0x00000065b0900000) (1024K)]
  0x0000017b5a0ab930 WatcherThread "VM Periodic Task Thread"        [id=7416, stack(0x00000065b0700000,0x00000065b0800000) (1024K)]
  0x0000017b59f2f850 WorkerThread "GC Thread#0"                     [id=39008, stack(0x00000065b0200000,0x00000065b0300000) (1024K)]
  0x0000017ba3978400 WorkerThread "GC Thread#1"                     [id=40820, stack(0x00000065b1a00000,0x00000065b1b00000) (1024K)]
  0x0000017ba3978bc0 WorkerThread "GC Thread#2"                     [id=25576, stack(0x00000065b1b00000,0x00000065b1c00000) (1024K)]
  0x0000017ba3978f70 WorkerThread "GC Thread#3"                     [id=6360, stack(0x00000065b1c00000,0x00000065b1d00000) (1024K)]
  0x0000017ba3979730 WorkerThread "GC Thread#4"                     [id=9448, stack(0x00000065b1d00000,0x00000065b1e00000) (1024K)]
  0x0000017ba3995770 WorkerThread "GC Thread#5"                     [id=40012, stack(0x00000065b1e00000,0x00000065b1f00000) (1024K)]
  0x0000017ba3996330 WorkerThread "GC Thread#6"                     [id=39408, stack(0x00000065b1f00000,0x00000065b2000000) (1024K)]
  0x0000017ba3996b60 WorkerThread "GC Thread#7"                     [id=19360, stack(0x00000065b2000000,0x00000065b2100000) (1024K)]
  0x0000017ba3996f10 WorkerThread "GC Thread#8"                     [id=34492, stack(0x00000065b2100000,0x00000065b2200000) (1024K)]
  0x0000017ba399f2e0 WorkerThread "GC Thread#9"                     [id=13612, stack(0x00000065b2200000,0x00000065b2300000) (1024K)]
  0x0000017ba39a3f30 WorkerThread "GC Thread#10"                    [id=20000, stack(0x00000065b2300000,0x00000065b2400000) (1024K)]
  0x0000017ba39a5720 WorkerThread "GC Thread#11"                    [id=39360, stack(0x00000065b2400000,0x00000065b2500000) (1024K)]
  0x0000017ba521d9a0 WorkerThread "GC Thread#12"                    [id=26576, stack(0x00000065b2600000,0x00000065b2700000) (1024K)]
  0x0000017ba521c380 WorkerThread "GC Thread#13"                    [id=40268, stack(0x00000065b2a00000,0x00000065b2b00000) (1024K)]
  0x0000017ba521a9b0 WorkerThread "GC Thread#14"                    [id=6608, stack(0x00000065b2b00000,0x00000065b2c00000) (1024K)]
  0x0000017b37423b50 ConcurrentGCThread "G1 Main Marker"            [id=19416, stack(0x00000065b0300000,0x00000065b0400000) (1024K)]
  0x0000017b37424470 WorkerThread "G1 Conc#0"                       [id=38636, stack(0x00000065b0400000,0x00000065b0500000) (1024K)]
  0x0000017ba521dd50 WorkerThread "G1 Conc#1"                       [id=40648, stack(0x00000065b2c00000,0x00000065b2d00000) (1024K)]
  0x0000017ba521e100 WorkerThread "G1 Conc#2"                       [id=37672, stack(0x00000065b2d00000,0x00000065b2e00000) (1024K)]
  0x0000017ba521a600 WorkerThread "G1 Conc#3"                       [id=17372, stack(0x00000065b2e00000,0x00000065b2f00000) (1024K)]
  0x0000017ba521bfd0 WorkerThread "G1 Conc#4"                       [id=39416, stack(0x00000065b2f00000,0x00000065b3000000) (1024K)]
  0x0000017ba521ad60 WorkerThread "G1 Conc#5"                       [id=40644, stack(0x00000065b3000000,0x00000065b3100000) (1024K)]
  0x0000017b59ffe860 ConcurrentGCThread "G1 Refine#0"               [id=13828, stack(0x00000065b0500000,0x00000065b0600000) (1024K)]
  0x0000017b59fff3e0 ConcurrentGCThread "G1 Service"                [id=33948, stack(0x00000065b0600000,0x00000065b0700000) (1024K)]
Total: 26

Threads with active compile tasks:
C2 CompilerThread0  1207 4025       4       org.springframework.core.ResolvableType::forType (112 bytes)
C2 CompilerThread1  1207 4094       4       org.springframework.core.annotation.TypeMappedAnnotation::getValue (41 bytes)
C2 CompilerThread2  1207 4092       4       org.springframework.core.annotation.TypeMappedAnnotation::adapt (355 bytes)
C2 CompilerThread3  1207 4090       4       org.springframework.core.annotation.TypeMappedAnnotation::getValue (151 bytes)
C2 CompilerThread4  1207 4050       4       org.springframework.beans.factory.support.AbstractBeanFactory::isTypeMatch (745 bytes)
C2 CompilerThread5  1207 4093       4       org.springframework.core.annotation.TypeMappedAnnotation::adaptForAttribute (253 bytes)
Total: 6

VM state: not at safepoint (normal execution)

VM Mutex/Monitor currently owned by a thread: None

Heap address: 0x0000000604800000, size: 8120 MB, Compressed Oops mode: Zero based, Oop shift amount: 3

CDS archive(s) mapped at: [0x0000017b5e000000-0x0000017b5ed70000-0x0000017b5ed70000), size 14090240, SharedBaseAddress: 0x0000017b5e000000, ArchiveRelocationMode: 1.
Compressed class space mapped at: 0x0000017b5f000000-0x0000017b9f000000, reserved size: 1073741824
Narrow klass base: 0x0000017b5e000000, Narrow klass shift: 0, Narrow klass range: 0x41000000

GC Precious Log:
 CardTable entry size: 512
 Card Set container configuration: InlinePtr #cards 4 size 8 Array Of Cards #cards 32 size 80 Howl #buckets 8 coarsen threshold 7372 Howl Bitmap #cards 1024 size 144 coarsen threshold 921 Card regions per heap region 1 cards per card region 8192
 CPUs: 32 total, 32 available
 Memory: 32472M
 Large Page Support: Disabled
 NUMA Support: Disabled
 Compressed Oops: Enabled (Zero based)
 Heap Region Size: 4M
 Heap Min Capacity: 8M
 Heap Initial Capacity: 508M
 Heap Max Capacity: 8120M
 Pre-touch: Disabled
 Parallel Workers: 23
 Concurrent Workers: 6
 Concurrent Refinement Workers: 23
 Periodic GC: Disabled

Heap:
 garbage-first heap   total reserved 8314880K, committed 57344K, used 50072K [0x0000000604800000, 0x0000000800000000)
  region size 4096K, 12 young (49152K), 2 survivors (8192K)
 Metaspace       used 26863K, committed 27200K, reserved 1114112K
  class space    used 3517K, committed 3648K, reserved 1048576K

Heap Regions: E=young(eden), S=young(survivor), O=old, HS=humongous(starts), HC=humongous(continues), CS=collection set, F=free, TAMS=top-at-mark-start, PB=parsable bottom
|   0|0x0000000604800000, 0x0000000604c00000, 0x0000000604c00000|100%| O|  |TAMS 0x0000000604800000| PB 0x0000000604800000| Untracked |  0
|   1|0x0000000604c00000, 0x0000000604f78510, 0x0000000605000000| 86%| O|  |TAMS 0x0000000604c00000| PB 0x0000000604c00000| Untracked |  0
|   2|0x0000000605000000, 0x00000006050bf628, 0x0000000605400000| 18%| E|  |TAMS 0x0000000605000000| PB 0x0000000605000000| Complete |  0
|   3|0x0000000605400000, 0x0000000605800000, 0x0000000605800000|100%| E|CS|TAMS 0x0000000605400000| PB 0x0000000605400000| Complete |  0
|   4|0x0000000605800000, 0x0000000605c00000, 0x0000000605c00000|100%| E|CS|TAMS 0x0000000605800000| PB 0x0000000605800000| Complete |  0
|   5|0x0000000605c00000, 0x0000000606000000, 0x0000000606000000|100%| E|CS|TAMS 0x0000000605c00000| PB 0x0000000605c00000| Complete |  0
|   6|0x0000000606000000, 0x0000000606400000, 0x0000000606400000|100%| E|CS|TAMS 0x0000000606000000| PB 0x0000000606000000| Complete |  0
|   7|0x0000000606400000, 0x0000000606800000, 0x0000000606800000|100%| E|CS|TAMS 0x0000000606400000| PB 0x0000000606400000| Complete |  0
|   8|0x0000000606800000, 0x0000000606c00000, 0x0000000606c00000|100%| E|CS|TAMS 0x0000000606800000| PB 0x0000000606800000| Complete |  0
|   9|0x0000000606c00000, 0x0000000607000000, 0x0000000607000000|100%| E|CS|TAMS 0x0000000606c00000| PB 0x0000000606c00000| Complete |  0
|  10|0x0000000607000000, 0x0000000607400000, 0x0000000607400000|100%| E|CS|TAMS 0x0000000607000000| PB 0x0000000607000000| Complete |  0
| 112|0x0000000620800000, 0x000000062096dc30, 0x0000000620c00000| 35%| S|CS|TAMS 0x0000000620800000| PB 0x0000000620800000| Complete |  0
| 113|0x0000000620c00000, 0x0000000621000000, 0x0000000621000000|100%| S|CS|TAMS 0x0000000620c00000| PB 0x0000000620c00000| Complete |  0
| 126|0x0000000624000000, 0x0000000624400000, 0x0000000624400000|100%| E|CS|TAMS 0x0000000624000000| PB 0x0000000624000000| Complete |  0

Card table byte_map: [0x0000017b50ee0000,0x0000017b51ec0000] _byte_map_base: 0x0000017b4debc000

Marking Bits: (CMBitMap*) 0x0000017b59f2ff60
 Bits: [0x0000017b51ec0000, 0x0000017b59da0000)

Polling page: 0x0000017b34f10000

Metaspace:

Usage:
  Non-class:     22.80 MB used.
      Class:      3.44 MB used.
       Both:     26.24 MB used.

Virtual space:
  Non-class space:       64.00 MB reserved,      23.00 MB ( 36%) committed,  1 nodes.
      Class space:        1.00 GB reserved,       3.56 MB ( <1%) committed,  1 nodes.
             Both:        1.06 GB reserved,      26.56 MB (  2%) committed. 

Chunk freelists:
   Non-Class:  8.31 MB
       Class:  12.40 MB
        Both:  20.71 MB

MaxMetaspaceSize: unlimited
CompressedClassSpaceSize: 1.00 GB
Initial GC threshold: 21.00 MB
Current GC threshold: 35.12 MB
CDS: on
 - commit_granule_bytes: 65536.
 - commit_granule_words: 8192.
 - virtual_space_node_default_size: 8388608.
 - enlarge_chunks_in_place: 1.
 - use_allocation_guard: 0.


Internal statistics:

num_allocs_failed_limit: 3.
num_arena_births: 358.
num_arena_deaths: 0.
num_vsnodes_births: 2.
num_vsnodes_deaths: 0.
num_space_committed: 425.
num_space_uncommitted: 0.
num_chunks_returned_to_freelist: 3.
num_chunks_taken_from_freelist: 1235.
num_chunk_merges: 3.
num_chunk_splits: 864.
num_chunks_enlarged: 633.
num_inconsistent_stats: 0.

CodeHeap 'non-profiled nmethods': size=118912Kb used=1439Kb max_used=1439Kb free=117472Kb
 bounds [0x0000017b476b0000, 0x0000017b47920000, 0x0000017b4ead0000]
CodeHeap 'profiled nmethods': size=118848Kb used=6459Kb max_used=6459Kb free=112388Kb
 bounds [0x0000017b3fad0000, 0x0000017b40120000, 0x0000017b46ee0000]
CodeHeap 'non-nmethods': size=8000Kb used=3728Kb max_used=3790Kb free=4271Kb
 bounds [0x0000017b46ee0000, 0x0000017b472a0000, 0x0000017b476b0000]
CodeCache: size=245760Kb, used=11626Kb, max_used=11688Kb, free=234131Kb
 total_blobs=4662, nmethods=4095, adapters=468, full_count=0
Compilation: enabled, stopped_count=0, restarted_count=0

Compilation events (20 events):
Event: 1.168 Thread 0x0000017ba45b36c0 nmethod 4024 0x0000017b4780f488 code [0x0000017b4780f580, 0x0000017b4780f620]
Event: 1.168 Thread 0x0000017ba33f0390 4027       3       java.util.stream.AbstractPipeline::close (42 bytes)
Event: 1.168 Thread 0x0000017b5db679a0 nmethod 4026 0x0000017b400ecf08 code [0x0000017b400ed0a0, 0x0000017b400ed6e8]
Event: 1.168 Thread 0x0000017ba33f0390 nmethod 4027 0x0000017b400ed788 code [0x0000017b400ed8c0, 0x0000017b400edb70]
Event: 1.168 Thread 0x0000017b5db679a0 4028       3       java.util.LinkedHashMap::entrySet (5 bytes)
Event: 1.168 Thread 0x0000017ba33f0390 4029       3       java.util.LinkedHashMap::sequencedEntrySet (31 bytes)
Event: 1.168 Thread 0x0000017ba334a790 nmethod 4023 0x0000017b4780f788 code [0x0000017b4780f8a0, 0x0000017b4780fa58]
Event: 1.168 Thread 0x0000017b5da5b290 4030       3       java.util.LinkedHashMap$LinkedEntrySet::iterator (16 bytes)
Event: 1.168 Thread 0x0000017ba33efcd0 4031       3       java.util.LinkedHashMap$LinkedEntryIterator::<init> (7 bytes)
Event: 1.168 Thread 0x0000017b5db679a0 nmethod 4028 0x0000017b400edb88 code [0x0000017b400edca0, 0x0000017b400ede60]
Event: 1.168 Thread 0x0000017ba33efcd0 nmethod 4031 0x0000017b400ede88 code [0x0000017b400edfa0, 0x0000017b400ee0d8]
Event: 1.168 Thread 0x0000017ba33f0390 nmethod 4029 0x0000017b400ee188 code [0x0000017b400ee2e0, 0x0000017b400ee7d0]
Event: 1.168 Thread 0x0000017b5da5b290 nmethod 4030 0x0000017b400ee808 code [0x0000017b400ee940, 0x0000017b400eeb58]
Event: 1.170 Thread 0x0000017b5d9f3170 4032       3       org.springframework.beans.factory.support.FactoryBeanRegistrySupport::getTypeForFactoryBeanFromAttributes (68 bytes)
Event: 1.170 Thread 0x0000017b5d9f3170 nmethod 4032 0x0000017b400eeb88 code [0x0000017b400eed80, 0x0000017b400efa30]
Event: 1.171 Thread 0x0000017b5db679a0 4033       3       java.util.Collections$SingletonList::hashCode (11 bytes)
Event: 1.171 Thread 0x0000017b5db679a0 nmethod 4033 0x0000017b400efb08 code [0x0000017b400efc40, 0x0000017b400efeb8]
Event: 1.171 Thread 0x0000017ba33f0390 4034   !   3       org.springframework.beans.factory.support.AbstractAutowireCapableBeanFactory::getTypeForFactoryBean (388 bytes)
Event: 1.171 Thread 0x0000017b5d9f3170 4035       3       org.springframework.beans.factory.support.AbstractBeanDefinition::hasPropertyValues (23 bytes)
Event: 1.171 Thread 0x0000017b5d9f3170 nmethod 4035 0x0000017b400eff08 code [0x0000017b400f0040, 0x0000017b400f0310]

GC Heap History (6 events):
Event: 0.284 GC heap before
{Heap before GC invocations=0 (full 0):
 garbage-first heap   total reserved 8314880K, committed 520192K, used 24576K [0x0000000604800000, 0x0000000800000000)
  region size 4096K, 6 young (24576K), 0 survivors (0K)
 Metaspace       used 5748K, committed 5952K, reserved 1114112K
  class space    used 676K, committed 768K, reserved 1048576K
}
Event: 0.287 GC heap after
{Heap after GC invocations=1 (full 0):
 garbage-first heap   total reserved 8314880K, committed 520192K, used 7273K [0x0000000604800000, 0x0000000800000000)
  region size 4096K, 1 young (4096K), 1 survivors (4096K)
 Metaspace       used 5748K, committed 5952K, reserved 1114112K
  class space    used 676K, committed 768K, reserved 1048576K
}
Event: 0.504 GC heap before
{Heap before GC invocations=1 (full 0):
 garbage-first heap   total reserved 8314880K, committed 520192K, used 27753K [0x0000000604800000, 0x0000000800000000)
  region size 4096K, 6 young (24576K), 1 survivors (4096K)
 Metaspace       used 11148K, committed 11456K, reserved 1114112K
  class space    used 1459K, committed 1600K, reserved 1048576K
}
Event: 0.506 GC heap after
{Heap after GC invocations=2 (full 0):
 garbage-first heap   total reserved 8314880K, committed 520192K, used 13208K [0x0000000604800000, 0x0000000800000000)
  region size 4096K, 1 young (4096K), 1 survivors (4096K)
 Metaspace       used 11148K, committed 11456K, reserved 1114112K
  class space    used 1459K, committed 1600K, reserved 1048576K
}
Event: 0.814 GC heap before
{Heap before GC invocations=2 (full 0):
 garbage-first heap   total reserved 8314880K, committed 520192K, used 50072K [0x0000000604800000, 0x0000000800000000)
  region size 4096K, 12 young (49152K), 1 survivors (4096K)
 Metaspace       used 21226K, committed 21504K, reserved 1114112K
  class space    used 2721K, committed 2880K, reserved 1048576K
}
Event: 0.817 GC heap after
{Heap after GC invocations=3 (full 0):
 garbage-first heap   total reserved 8314880K, committed 520192K, used 13208K [0x0000000604800000, 0x0000000800000000)
  region size 4096K, 2 young (8192K), 2 survivors (8192K)
 Metaspace       used 21226K, committed 21504K, reserved 1114112K
  class space    used 2721K, committed 2880K, reserved 1048576K
}

Dll operation events (11 events):
Event: 0.005 Loaded shared library C:\Java\jdk-23\bin\java.dll
Event: 0.022 Loaded shared library C:\Java\jdk-23\bin\jsvml.dll
Event: 0.054 Loaded shared library C:\Java\jdk-23\bin\zip.dll
Event: 0.055 Loaded shared library C:\Java\jdk-23\bin\instrument.dll
Event: 0.057 Loaded shared library C:\Java\jdk-23\bin\net.dll
Event: 0.058 Loaded shared library C:\Java\jdk-23\bin\nio.dll
Event: 0.059 Loaded shared library C:\Java\jdk-23\bin\zip.dll
Event: 0.091 Loaded shared library C:\Program Files\JetBrains\IntelliJ IDEA Community Edition 2024.3.1.1\bin\breakgen64.dll
Event: 0.095 Loaded shared library C:\Java\jdk-23\bin\extnet.dll
Event: 0.109 Loaded shared library C:\Java\jdk-23\bin\jimage.dll
Event: 0.965 Loaded shared library C:\Java\jdk-23\bin\sunmscapi.dll

Deoptimization events (20 events):
Event: 1.123 Thread 0x0000017b34f7c270 DEOPT PACKING pc=0x0000017b3ffd710e sp=0x00000065b01fe410
Event: 1.123 Thread 0x0000017b34f7c270 DEOPT UNPACKING pc=0x0000017b46f34b22 sp=0x00000065b01fd920 mode 0
Event: 1.123 Thread 0x0000017b34f7c270 DEOPT PACKING pc=0x0000017b3ffd710e sp=0x00000065b01fe410
Event: 1.123 Thread 0x0000017b34f7c270 DEOPT UNPACKING pc=0x0000017b46f34b22 sp=0x00000065b01fd920 mode 0
Event: 1.128 Thread 0x0000017b34f7c270 Uncommon trap: trap_request=0xffffff45 fr.pc=0x0000017b477f1d64 relative=0x0000000000000544
Event: 1.128 Thread 0x0000017b34f7c270 Uncommon trap: reason=unstable_if action=reinterpret pc=0x0000017b477f1d64 method=org.springframework.beans.factory.support.AbstractBeanFactory.getMergedLocalBeanDefinition(Ljava/lang/String;)Lorg/springframework/beans/factory/support/RootBeanDefinition; 
Event: 1.128 Thread 0x0000017b34f7c270 DEOPT PACKING pc=0x0000017b477f1d64 sp=0x00000065b01fe260
Event: 1.128 Thread 0x0000017b34f7c270 DEOPT UNPACKING pc=0x0000017b46f34402 sp=0x00000065b01fe208 mode 2
Event: 1.156 Thread 0x0000017b34f7c270 Uncommon trap: trap_request=0xffffff45 fr.pc=0x0000017b477f9194 relative=0x0000000000000594
Event: 1.156 Thread 0x0000017b34f7c270 Uncommon trap: reason=unstable_if action=reinterpret pc=0x0000017b477f9194 method=org.springframework.beans.factory.support.RootBeanDefinition.getTargetType()Ljava/lang/Class; @ 18 c2
Event: 1.156 Thread 0x0000017b34f7c270 DEOPT PACKING pc=0x0000017b477f9194 sp=0x00000065b01fe410
Event: 1.156 Thread 0x0000017b34f7c270 DEOPT UNPACKING pc=0x0000017b46f34402 sp=0x00000065b01fe2f0 mode 2
Event: 1.156 Thread 0x0000017b34f7c270 Uncommon trap: trap_request=0xffffff45 fr.pc=0x0000017b47802758 relative=0x0000000000003318
Event: 1.156 Thread 0x0000017b34f7c270 Uncommon trap: reason=unstable_if action=reinterpret pc=0x0000017b47802758 method=org.springframework.beans.factory.support.RootBeanDefinition.getTargetType()Ljava/lang/Class; @ 18 c2
Event: 1.156 Thread 0x0000017b34f7c270 DEOPT PACKING pc=0x0000017b47802758 sp=0x00000065b01fe440
Event: 1.156 Thread 0x0000017b34f7c270 DEOPT UNPACKING pc=0x0000017b46f34402 sp=0x00000065b01fe2a0 mode 2
Event: 1.156 Thread 0x0000017b34f7c270 Uncommon trap: trap_request=0xffffff45 fr.pc=0x0000017b477f8130 relative=0x00000000000002d0
Event: 1.156 Thread 0x0000017b34f7c270 Uncommon trap: reason=unstable_if action=reinterpret pc=0x0000017b477f8130 method=org.springframework.beans.factory.support.RootBeanDefinition.getTargetType()Ljava/lang/Class; @ 18 c2
Event: 1.156 Thread 0x0000017b34f7c270 DEOPT PACKING pc=0x0000017b477f8130 sp=0x00000065b01fe320
Event: 1.157 Thread 0x0000017b34f7c270 DEOPT UNPACKING pc=0x0000017b46f34402 sp=0x00000065b01fe2a0 mode 2

Classes loaded (20 events):
Event: 0.978 Loading class com/sun/security/sasl/Provider$1
Event: 0.978 Loading class com/sun/security/sasl/Provider$1 done
Event: 0.978 Loading class com/sun/security/sasl/Provider$ProviderService
Event: 0.978 Loading class com/sun/security/sasl/Provider$ProviderService done
Event: 1.086 Loading class java/lang/UnsupportedClassVersionError
Event: 1.086 Loading class java/lang/ClassFormatError
Event: 1.086 Loading class java/lang/ClassFormatError done
Event: 1.086 Loading class java/lang/UnsupportedClassVersionError done
Event: 1.129 Loading class java/util/Collections$UnmodifiableMap$UnmodifiableEntrySet$1
Event: 1.129 Loading class java/util/Collections$UnmodifiableMap$UnmodifiableEntrySet$1 done
Event: 1.144 Loading class java/util/stream/Streams$ConcatSpliterator$OfRef
Event: 1.144 Loading class java/util/stream/Streams$ConcatSpliterator
Event: 1.144 Loading class java/util/stream/Streams$ConcatSpliterator done
Event: 1.144 Loading class java/util/stream/Streams$ConcatSpliterator$OfRef done
Event: 1.144 Loading class java/util/stream/Streams$2
Event: 1.144 Loading class java/util/stream/Streams$2 done
Event: 1.152 Loading class java/util/stream/ReferencePipeline$15
Event: 1.152 Loading class java/util/stream/ReferencePipeline$15 done
Event: 1.152 Loading class java/util/stream/ReferencePipeline$15$1
Event: 1.152 Loading class java/util/stream/ReferencePipeline$15$1 done

Classes unloaded (0 events):
No events

Classes redefined (0 events):
No events

Internal exceptions (20 events):
Event: 0.388 Thread 0x0000017b34f7c270 Exception <a 'java/lang/NoSuchMethodError'{0x00000006238fa1f0}: 'int java.lang.invoke.DirectMethodHandle$Holder.invokeStatic(java.lang.Object, int, java.lang.Object, java.lang.Object)'> (0x00000006238fa1f0) 
thrown [s\open\src\hotspot\share\interpreter\linkResolver.cpp, line 796]
Event: 0.389 Thread 0x0000017b34f7c270 Exception <a 'java/lang/NoSuchMethodError'{0x00000006239013b8}: 'java.lang.Object java.lang.invoke.DirectMethodHandle$Holder.newInvokeSpecial(java.lang.Object, int, java.lang.Object)'> (0x00000006239013b8) 
thrown [s\open\src\hotspot\share\interpreter\linkResolver.cpp, line 796]
Event: 0.389 Thread 0x0000017b34f7c270 Exception <a 'java/lang/NoSuchMethodError'{0x0000000623905f40}: 'int java.lang.invoke.DirectMethodHandle$Holder.invokeSpecialIFC(java.lang.Object, java.lang.Object, java.lang.Object, java.lang.Object)'> (0x0000000623905f40) 
thrown [s\open\src\hotspot\share\interpreter\linkResolver.cpp, line 796]
Event: 0.399 Thread 0x0000017b34f7c270 Exception <a 'java/lang/NoSuchMethodError'{0x00000006239f5ab0}: 'void java.lang.invoke.DirectMethodHandle$Holder.invokeInterface(java.lang.Object, java.lang.Object, java.lang.Object)'> (0x00000006239f5ab0) 
thrown [s\open\src\hotspot\share\interpreter\linkResolver.cpp, line 796]
Event: 0.407 Thread 0x0000017b34f7c270 Exception <a 'java/lang/NoSuchMethodError'{0x0000000623a73280}: 'java.lang.Object java.lang.invoke.DirectMethodHandle$Holder.invokeVirtual(java.lang.Object, java.lang.Object, java.lang.Object)'> (0x0000000623a73280) 
thrown [s\open\src\hotspot\share\interpreter\linkResolver.cpp, line 796]
Event: 0.418 Thread 0x0000017b34f7c270 Exception <a 'java/lang/NoSuchMethodError'{0x0000000623b613c0}: 'void java.lang.invoke.DirectMethodHandle$Holder.invokeStaticInit(java.lang.Object, java.lang.Object, java.lang.Object)'> (0x0000000623b613c0) 
thrown [s\open\src\hotspot\share\interpreter\linkResolver.cpp, line 796]
Event: 0.430 Thread 0x0000017b34f7c270 Exception <a 'java/lang/NoSuchMethodError'{0x0000000623406038}: 'void java.lang.invoke.DirectMethodHandle$Holder.invokeVirtual(java.lang.Object, java.lang.Object, java.lang.Object, java.lang.Object)'> (0x0000000623406038) 
thrown [s\open\src\hotspot\share\interpreter\linkResolver.cpp, line 796]
Event: 0.463 Thread 0x0000017b34f7c270 Exception <a 'java/lang/NoSuchMethodError'{0x000000062365d4b8}: 'java.lang.reflect.Field[] java.lang.Class.getDeclaredFields(java.lang.Class)'> (0x000000062365d4b8) 
thrown [s\open\src\hotspot\share\interpreter\linkResolver.cpp, line 796]
Event: 0.464 Thread 0x0000017b34f7c270 Exception <a 'java/lang/NoSuchMethodError'{0x0000000623661ec8}: 'java.lang.Object java.lang.invoke.DirectMethodHandle$Holder.invokeStatic(java.lang.Object, java.lang.Object, int)'> (0x0000000623661ec8) 
thrown [s\open\src\hotspot\share\interpreter\linkResolver.cpp, line 796]
Event: 0.464 Thread 0x0000017b34f7c270 Exception <a 'java/lang/NoSuchMethodError'{0x000000062366d080}: 'void java.lang.invoke.DelegatingMethodHandle$Holder.delegate(java.lang.Object, java.lang.Object, int, java.lang.Object)'> (0x000000062366d080) 
thrown [s\open\src\hotspot\share\interpreter\linkResolver.cpp, line 796]
Event: 0.470 Thread 0x0000017b34f7c270 Exception <a 'java/lang/IncompatibleClassChangeError'{0x000000062376ebb8}: Found class java.lang.Object, but interface was expected> (0x000000062376ebb8) 
thrown [s\open\src\hotspot\share\interpreter\linkResolver.cpp, line 863]
Event: 0.606 Thread 0x0000017b34f7c270 Exception <a 'java/lang/NoSuchMethodError'{0x0000000623611288}: 'int java.lang.invoke.DirectMethodHandle$Holder.invokeSpecial(java.lang.Object, java.lang.Object, java.lang.Object, java.lang.Object, java.lang.Object)'> (0x0000000623611288) 
thrown [s\open\src\hotspot\share\interpreter\linkResolver.cpp, line 796]
Event: 0.607 Thread 0x0000017b34f7c270 Exception <a 'java/lang/NoSuchMethodError'{0x0000000623619908}: 'void java.lang.invoke.DirectMethodHandle$Holder.invokeVirtual(java.lang.Object, java.lang.Object)'> (0x0000000623619908) 
thrown [s\open\src\hotspot\share\interpreter\linkResolver.cpp, line 796]
Event: 0.743 Thread 0x0000017b34f7c270 Exception <a 'java/lang/IncompatibleClassChangeError'{0x00000006219e4260}: Found class java.lang.Object, but interface was expected> (0x00000006219e4260) 
thrown [s\open\src\hotspot\share\interpreter\linkResolver.cpp, line 863]
Event: 0.874 Thread 0x0000017ba3b74810 Exception <a 'java/lang/NoSuchMethodError'{0x0000000606c056a0}: 'long java.lang.invoke.DirectMethodHandle$Holder.invokeSpecial(java.lang.Object, java.lang.Object)'> (0x0000000606c056a0) 
thrown [s\open\src\hotspot\share\interpreter\linkResolver.cpp, line 796]
Event: 0.876 Thread 0x0000017ba3b74810 Exception <a 'java/lang/NoSuchMethodError'{0x0000000606c0f130}: 'long java.lang.invoke.DirectMethodHandle$Holder.invokeStatic(java.lang.Object, java.lang.Object)'> (0x0000000606c0f130) 
thrown [s\open\src\hotspot\share\interpreter\linkResolver.cpp, line 796]
Event: 0.876 Thread 0x0000017ba3b74810 Exception <a 'java/lang/NoSuchMethodError'{0x0000000606c12200}: 'long java.lang.invoke.DirectMethodHandle$Holder.invokeStaticInit(java.lang.Object, java.lang.Object)'> (0x0000000606c12200) 
thrown [s\open\src\hotspot\share\interpreter\linkResolver.cpp, line 796]
Event: 0.879 Thread 0x0000017ba3b74810 Exception <a 'java/lang/NoSuchMethodError'{0x0000000606c1e210}: 'long java.lang.invoke.DirectMethodHandle$Holder.invokeInterface(java.lang.Object, java.lang.Object)'> (0x0000000606c1e210) 
thrown [s\open\src\hotspot\share\interpreter\linkResolver.cpp, line 796]
Event: 0.880 Thread 0x0000017ba3b74810 Exception <a 'java/lang/IncompatibleClassChangeError'{0x0000000606c21228}: Found class java.lang.Object, but interface was expected> (0x0000000606c21228) 
thrown [s\open\src\hotspot\share\interpreter\linkResolver.cpp, line 863]
Event: 0.889 Thread 0x0000017ba3b74810 Exception <a 'java/lang/NoSuchMethodError'{0x0000000606c38390}: 'java.lang.Object java.lang.invoke.DirectMethodHandle$Holder.invokeVirtual(java.lang.Object, java.lang.Object, java.lang.Object, java.lang.Object)'> (0x0000000606c38390) 
thrown [s\open\src\hotspot\share\interpreter\linkResolver.cpp, line 796]

VM Operations (20 events):
Event: 0.697 Executing VM operation: HandshakeAllThreads (Deoptimize)
Event: 0.697 Executing VM operation: HandshakeAllThreads (Deoptimize) done
Event: 0.814 Executing VM operation: CollectForMetadataAllocation (Metadata GC Threshold)
Event: 0.817 Executing VM operation: CollectForMetadataAllocation (Metadata GC Threshold) done
Event: 0.821 Executing VM operation: G1PauseRemark
Event: 0.822 Executing VM operation: G1PauseRemark done
Event: 0.822 Executing VM operation: G1PauseCleanup
Event: 0.823 Executing VM operation: G1PauseCleanup done
Event: 0.932 Executing VM operation: HandshakeAllThreads (Deoptimize)
Event: 0.932 Executing VM operation: HandshakeAllThreads (Deoptimize) done
Event: 0.953 Executing VM operation: HandshakeAllThreads (Deoptimize)
Event: 0.953 Executing VM operation: HandshakeAllThreads (Deoptimize) done
Event: 1.127 Executing VM operation: HandshakeAllThreads (Deoptimize)
Event: 1.127 Executing VM operation: HandshakeAllThreads (Deoptimize) done
Event: 1.127 Executing VM operation: HandshakeAllThreads (Deoptimize)
Event: 1.127 Executing VM operation: HandshakeAllThreads (Deoptimize) done
Event: 1.130 Executing VM operation: HandshakeAllThreads (Deoptimize)
Event: 1.130 Executing VM operation: HandshakeAllThreads (Deoptimize) done
Event: 1.130 Executing VM operation: HandshakeAllThreads (Deoptimize)
Event: 1.130 Executing VM operation: HandshakeAllThreads (Deoptimize) done

Memory protections (0 events):
No events

Nmethod flushes (0 events):
No events

Events (20 events):
Event: 0.020 Thread 0x0000017b34f7c270 Thread added: 0x0000017b5a0ec480
Event: 0.020 Thread 0x0000017b34f7c270 Thread added: 0x0000017b5a0ed090
Event: 0.020 Thread 0x0000017b34f7c270 Thread added: 0x0000017b5a0edfd0
Event: 0.020 Thread 0x0000017b34f7c270 Thread added: 0x0000017b5d9f3170
Event: 0.021 Thread 0x0000017b5d9f3170 Thread added: 0x0000017b5da5b290
Event: 0.046 Thread 0x0000017b34f7c270 Thread added: 0x0000017b5db5c5c0
Event: 0.050 Thread 0x0000017b5da5b290 Thread added: 0x0000017b5db679a0
Event: 0.051 Thread 0x0000017b5da5b290 Thread added: 0x0000017b5db71600
Event: 0.091 Thread 0x0000017b34f7c270 Thread added: 0x0000017b5dd5c420
Event: 0.091 Thread 0x0000017b34f7c270 Thread added: 0x0000017ba313e900
Event: 0.139 Thread 0x0000017b5d9f3170 Thread added: 0x0000017ba33efcd0
Event: 0.139 Thread 0x0000017b5d9f3170 Thread added: 0x0000017ba33f0390
Event: 0.142 Thread 0x0000017b5a0edfd0 Thread added: 0x0000017ba334a790
Event: 0.461 Thread 0x0000017b34f7c270 Thread added: 0x0000017ba3b74810
Event: 0.688 Thread 0x0000017b34f7c270 Thread added: 0x0000017ba4348180
Event: 0.688 Thread 0x0000017b5db679a0 Thread added: 0x0000017ba45b3d90
Event: 0.694 Thread 0x0000017b5da5b290 Thread added: 0x0000017ba45b4b30
Event: 0.703 Thread 0x0000017ba33efcd0 Thread added: 0x0000017ba45b36c0
Event: 0.724 Thread 0x0000017ba4348180 Thread exited: 0x0000017ba4348180
Event: 0.979 Thread 0x0000017ba3b74810 Thread exited: 0x0000017ba3b74810


Dynamic libraries:
0x00007ff652a00000 - 0x00007ff652a10000 	C:\Java\jdk-23\bin\java.exe
0x00007ffc11b60000 - 0x00007ffc11dc0000 	C:\Windows\SYSTEM32\ntdll.dll
0x00007ffc0fff0000 - 0x00007ffc100b7000 	C:\Windows\System32\KERNEL32.DLL
0x00007ffc0f150000 - 0x00007ffc0f51a000 	C:\Windows\System32\KERNELBASE.dll
0x00007ffc0f520000 - 0x00007ffc0f66b000 	C:\Windows\System32\ucrtbase.dll
0x00007ffc01150000 - 0x00007ffc0116b000 	C:\Java\jdk-23\bin\VCRUNTIME140.dll
0x00007ffc03090000 - 0x00007ffc030a7000 	C:\Java\jdk-23\bin\jli.dll
0x00007ffc11950000 - 0x00007ffc11b1c000 	C:\Windows\System32\USER32.dll
0x00007ffc0ed40000 - 0x00007ffc0ed67000 	C:\Windows\System32\win32u.dll
0x00007ffbea520000 - 0x00007ffbea7b7000 	C:\Windows\WinSxS\amd64_microsoft.windows.common-controls_6595b64144ccf1df_6.0.26100.3624_none_3e086962e3345f24\COMCTL32.dll
0x00007ffc11700000 - 0x00007ffc1172a000 	C:\Windows\System32\GDI32.dll
0x00007ffc0fd80000 - 0x00007ffc0fe29000 	C:\Windows\System32\msvcrt.dll
0x00007ffc0f010000 - 0x00007ffc0f141000 	C:\Windows\System32\gdi32full.dll
0x00007ffc0f670000 - 0x00007ffc0f713000 	C:\Windows\System32\msvcp_win.dll
0x00007ffc118c0000 - 0x00007ffc118ef000 	C:\Windows\System32\IMM32.DLL
0x00007ffc09630000 - 0x00007ffc0963c000 	C:\Java\jdk-23\bin\vcruntime140_1.dll
0x00007ffbb8860000 - 0x00007ffbb88ee000 	C:\Java\jdk-23\bin\msvcp140.dll
0x00007ffb6a6e0000 - 0x00007ffb6b42f000 	C:\Java\jdk-23\bin\server\jvm.dll
0x00007ffc0f960000 - 0x00007ffc0fa12000 	C:\Windows\System32\ADVAPI32.dll
0x00007ffc103c0000 - 0x00007ffc10466000 	C:\Windows\System32\sechost.dll
0x00007ffc115e0000 - 0x00007ffc116f6000 	C:\Windows\System32\RPCRT4.dll
0x00007ffc10150000 - 0x00007ffc101c4000 	C:\Windows\System32\WS2_32.dll
0x00007ffc0d9b0000 - 0x00007ffc0da0e000 	C:\Windows\SYSTEM32\POWRPROF.dll
0x00007ffbf9510000 - 0x00007ffbf9546000 	C:\Windows\SYSTEM32\WINMM.dll
0x00007ffc09570000 - 0x00007ffc0957b000 	C:\Windows\SYSTEM32\VERSION.dll
0x00007ffc0d990000 - 0x00007ffc0d9a4000 	C:\Windows\SYSTEM32\UMPDC.dll
0x00007ffc0dc70000 - 0x00007ffc0dc8a000 	C:\Windows\SYSTEM32\kernel.appcore.dll
0x00007ffc09610000 - 0x00007ffc0961a000 	C:\Java\jdk-23\bin\jimage.dll
0x00007ffc0cff0000 - 0x00007ffc0d231000 	C:\Windows\SYSTEM32\DBGHELP.DLL
0x00007ffc10470000 - 0x00007ffc107f2000 	C:\Windows\System32\combase.dll
0x00007ffc11760000 - 0x00007ffc11836000 	C:\Windows\System32\OLEAUT32.dll
0x00007ffb65230000 - 0x00007ffb65269000 	C:\Windows\SYSTEM32\dbgcore.DLL
0x00007ffc0eee0000 - 0x00007ffc0ef79000 	C:\Windows\System32\bcryptPrimitives.dll
0x00007ffc09540000 - 0x00007ffc0954f000 	C:\Java\jdk-23\bin\instrument.dll
0x00007ffbfe2f0000 - 0x00007ffbfe30e000 	C:\Java\jdk-23\bin\java.dll
0x00007ffc10800000 - 0x00007ffc10996000 	C:\Windows\System32\ole32.dll
0x00007ffc10eb0000 - 0x00007ffc115d9000 	C:\Windows\System32\SHELL32.dll
0x00007ffc0ed70000 - 0x00007ffc0eed8000 	C:\Windows\System32\wintypes.dll
0x00007ffc0c660000 - 0x00007ffc0ceb2000 	C:\Windows\SYSTEM32\windows.storage.dll
0x00007ffc102d0000 - 0x00007ffc103bd000 	C:\Windows\System32\SHCORE.dll
0x00007ffc109a0000 - 0x00007ffc10a04000 	C:\Windows\System32\shlwapi.dll
0x00007ffc0ec50000 - 0x00007ffc0ec7f000 	C:\Windows\SYSTEM32\profapi.dll
0x00007ffb7a2e0000 - 0x00007ffb7a3b7000 	C:\Java\jdk-23\bin\jsvml.dll
0x00007ffbc51d0000 - 0x00007ffbc51e7000 	C:\Java\jdk-23\bin\zip.dll
0x00007ffc09530000 - 0x00007ffc09540000 	C:\Java\jdk-23\bin\net.dll
0x00007ffc0e190000 - 0x00007ffc0e1fa000 	C:\Windows\system32\mswsock.dll
0x00007ffbfe2d0000 - 0x00007ffbfe2e6000 	C:\Java\jdk-23\bin\nio.dll
0x00007ffc04d90000 - 0x00007ffc04daa000 	C:\Program Files\JetBrains\IntelliJ IDEA Community Edition 2024.3.1.1\bin\breakgen64.dll
0x00007ffc03080000 - 0x00007ffc03089000 	C:\Java\jdk-23\bin\extnet.dll
0x00007ffc02320000 - 0x00007ffc0232e000 	C:\Java\jdk-23\bin\sunmscapi.dll
0x00007ffc0f720000 - 0x00007ffc0f897000 	C:\Windows\System32\CRYPT32.dll
0x00007ffc0e630000 - 0x00007ffc0e660000 	C:\Windows\SYSTEM32\ncrypt.dll
0x00007ffc0e5e0000 - 0x00007ffc0e61f000 	C:\Windows\SYSTEM32\NTASN1.dll

dbghelp: loaded successfully - version: 4.0.5 - missing functions: none
symbol engine: initialized successfully - sym options: 0x614 - pdb path: .;C:\Java\jdk-23\bin;C:\Windows\SYSTEM32;C:\Windows\WinSxS\amd64_microsoft.windows.common-controls_6595b64144ccf1df_6.0.26100.3624_none_3e086962e3345f24;C:\Java\jdk-23\bin\server;C:\Program Files\JetBrains\IntelliJ IDEA Community Edition 2024.3.1.1\bin

VM Arguments:
jvm_args: -javaagent:C:\Program Files\JetBrains\IntelliJ IDEA Community Edition 2024.3.1.1\lib\idea_rt.jar=63455:C:\Program Files\JetBrains\IntelliJ IDEA Community Edition 2024.3.1.1\bin -Dfile.encoding=UTF-8 -Dsun.stdout.encoding=UTF-8 -Dsun.stderr.encoding=UTF-8 
java_command: io.github.alberes.guest.spring.security.jwt.GuestSpringSecurityJwtApplication
java_class_path (initial): C:\tools\git\guest-spring-security-jwt\target\classes;C:\Users\alber\.m2\repository\org\springframework\boot\spring-boot-starter-data-jpa\3.4.4\spring-boot-starter-data-jpa-3.4.4.jar;C:\Users\alber\.m2\repository\org\springframework\boot\spring-boot-starter\3.4.4\spring-boot-starter-3.4.4.jar;C:\Users\alber\.m2\repository\org\springframework\boot\spring-boot\3.4.4\spring-boot-3.4.4.jar;C:\Users\alber\.m2\repository\org\springframework\boot\spring-boot-autoconfigure\3.4.4\spring-boot-autoconfigure-3.4.4.jar;C:\Users\alber\.m2\repository\org\springframework\boot\spring-boot-starter-logging\3.4.4\spring-boot-starter-logging-3.4.4.jar;C:\Users\alber\.m2\repository\ch\qos\logback\logback-classic\1.5.18\logback-classic-1.5.18.jar;C:\Users\alber\.m2\repository\ch\qos\logback\logback-core\1.5.18\logback-core-1.5.18.jar;C:\Users\alber\.m2\repository\org\apache\logging\log4j\log4j-to-slf4j\2.24.3\log4j-to-slf4j-2.24.3.jar;C:\Users\alber\.m2\repository\org\apache\logging\log4j\log4j-api\2.24.3\log4j-api-2.24.3.jar;C:\Users\alber\.m2\repository\org\slf4j\jul-to-slf4j\2.0.17\jul-to-slf4j-2.0.17.jar;C:\Users\alber\.m2\repository\jakarta\annotation\jakarta.annotation-api\2.1.1\jakarta.annotation-api-2.1.1.jar;C:\Users\alber\.m2\repository\org\yaml\snakeyaml\2.3\snakeyaml-2.3.jar;C:\Users\alber\.m2\repository\org\springframework\boot\spring-boot-starter-jdbc\3.4.4\spring-boot-starter-jdbc-3.4.4.jar;C:\Users\alber\.m2\repository\com\zaxxer\HikariCP\5.1.0\HikariCP-5.1.0.jar;C:\Users\alber\.m2\repository\org\springframework\spring-jdbc\6.2.5\spring-jdbc-6.2.5.jar;C:\Users\alber\.m2\repository\org\hibernate\orm\hibernate-core\6.6.11.Final\hibernate-core-6.6.11.Final.jar;C:\Users\alber\.m2\repository\jakarta\persistence\jakarta.persistence-api\3.1.0\jakarta.persistence-api-3.1.0.jar;C:\Users\alber\.m2\repository\jakarta\transaction\jakarta.transaction-api\2.0.1\jakarta.transaction-api-2.0.1.jar;C:\Users\alber\.m2\repository\org\jboss\logging\jboss-logging\3.6.1.Final\jboss-logging-3.6.1.Final.jar;C:\Users\alber\.m2\repository\org\hibernate\common\hibernate-commons-annotations\7.0.3.Final\hibernate-commons-annotations-7.0.3.Final.jar;C:\Users\alber\.m2\repository\io\smallrye\jandex\3.2.0\jandex-3.2.0.jar;C:\Users\alber\.m2\repository\com\fasterxml\classmate\1.7.0\classmate-1.7.0.jar;C:\Users\alber\.m2\repository\net\bytebuddy\byte-buddy\1.15.11\byte-buddy-1.15.11.jar;C:\Users\alber\.m2\repository\org\glassfish\jaxb\jaxb-runtime\4.0.5\jaxb-runtime-4.0.5.jar;C:\Users\alber\.m2\repository\org\glassfish\jaxb\jaxb-core\4.0.5\jaxb-core-4.0.5.jar;C:\Users\alber\.m2\repository\org\eclipse\angus\angus-activation\2.0.2\angus-activation-2.0.2.jar;C:\Users\alber\.m2\repository\org\glassfish\jaxb\txw2\4.0.5\txw2-4.0.5.jar;C:\Users\alber\.m2\repository\com\sun\istack\istack-commons-runtime\4.1.2\istack-commons-runtime-4.1.2.jar;C:\Users\alber\.m2\repository\jakarta\inject\jakarta.inject-api\2.0.1\jakarta.inject-api-2.0.1.jar;C:\Users\alber\.m2\repository\org\antlr\antlr4-runtime\4.13.0\antlr4-runtime-4.13.0.jar;C:\Users\alber\.m2\repository\org\springframework\data\spring-data-jpa\3.4.4\spring-data-jpa-3.4.4.jar;C:\Users\alber\.m2\repository\org\springframework\data\spring-data-commons\3.4.4\spring-data-commons-3.4.4.jar;C:\Users\alber\.m2\repository\org\springframework\spring-orm\6.2.5\spring-orm-6.2.5.jar;C:\Users\alber\.m2\repository\org\springframework\spring-context\6.2.5\spring-context-6.2.5.jar;C:\Users\alber\.m2\repository\org\springframework\spring-tx\6.2.5\spring-tx-6.2.5.jar;C:\Users\alber\.m2\repository\org\springframework\spring-beans\6.2.5\spring-beans-6.2.5.jar;C:\Users\alber\.m2\repository\org\slf4j\slf4j-api\2.0.17\slf4j-api-2.0.17.jar;C:\Users\alber\.m2\repository\org\springframework\spring-aspects\6.2.5\spring-aspects-6.2.5.jar;C:\Users\alber\.m2\repository\org\aspectj\aspectjweaver\1.9.23\aspectjweaver-1.9.23.jar;C:\Users\alber\.m2\repository\org\springframework\boot\spring-boot-starter-security\3.4.4\spring-boot-starter-security-3.4.4.jar;C:\Users\alber\.m2\repository\org\springframework\spring-aop\6.2.5\spring-aop-6.2.5.jar;C:\Users\alber\.m2\repository\org\springframework\security\spring-security-config\6.4.4\spring-security-config-6.4.4.jar;C:\Users\alber\.m2\repository\org\springframework\security\spring-security-web\6.4.4\spring-security-web-6.4.4.jar;C:\Users\alber\.m2\repository\org\springframework\spring-expression\6.2.5\spring-expression-6.2.5.jar;C:\Users\alber\.m2\repository\org\springframework\boot\spring-boot-starter-validation\3.4.4\spring-boot-starter-validation-3.4.4.jar;C:\Users\alber\.m2\repository\org\apache\tomcat\embed\tomcat-embed-el\10.1.39\tomcat-embed-el-10.1.39.jar;C:\Users\alber\.m2\repository\org\hibernate\validator\hibernate-validator\8.0.2.Final\hibernate-validator-8.0.2.Final.jar;C:\Users\alber\.m2\repository\jakarta\validation\jakarta.validation-api\3.0.2\jakarta.validation-api-3.0.2.jar;C:\Users\alber\.m2\repository\org\springframework\boot\spring-boot-starter-web\3.4.4\spring-boot-starter-web-3.4.4.jar;C:\Users\alber\.m2\repository\org\springframework\boot\spring-boot-starter-json\3.4.4\spring-boot-starter-json-3.4.4.jar;C:\Users\alber\.m2\repository\com\fasterxml\jackson\datatype\jackson-datatype-jdk8\2.18.3\jackson-datatype-jdk8-2.18.3.jar;C:\Users\alber\.m2\repository\com\fasterxml\jackson\datatype\jackson-datatype-jsr310\2.18.3\jackson-datatype-jsr310-2.18.3.jar;C:\Users\alber\.m2\repository\com\fasterxml\jackson\module\jackson-module-parameter-names\2.18.3\jackson-module-parameter-names-2.18.3.jar;C:\Users\alber\.m2\repository\org\springframework\boot\spring-boot-starter-tomcat\3.4.4\spring-boot-starter-tomcat-3.4.4.jar;C:\Users\alber\.m2\repository\org\apache\tomcat\embed\tomcat-embed-core\10.1.39\tomcat-embed-core-10.1.39.jar;C:\Users\alber\.m2\repository\org\apache\tomcat\embed\tomcat-embed-websocket\10.1.39\tomcat-embed-websocket-10.1.39.jar;C:\Users\alber\.m2\repository\org\springframework\spring-web\6.2.5\spring-web-6.2.5.jar;C:\Users\alber\.m2\repository\io\micrometer\micrometer-observation\1.14.5\micrometer-observation-1.14.5.jar;C:\Users\alber\.m2\repository\io\micrometer\micrometer-commons\1.14.5\micrometer-commons-1.14.5.jar;C:\Users\alber\.m2\repository\org\springframework\spring-webmvc\6.2.5\spring-webmvc-6.2.5.jar;C:\Users\alber\.m2\repository\io\jsonwebtoken\jjwt-api\0.12.6\jjwt-api-0.12.6.jar;C:\Users\alber\.m2\repository\io\jsonwebtoken\jjwt-impl\0.12.6\jjwt-impl-0.12.6.jar;C:\Users\alber\.m2\repository\io\jsonwebtoken\jjwt-jackson\0.12.6\jjwt-jackson-0.12.6.jar;C:\Users\alber\.m2\repository\com\fasterxml\jackson\core\jackson-databind\2.18.3\jackson-databind-2.18.3.jar;C:\Users\alber\.m2\repository\com\fasterxml\jackson\core\jackson-annotations\2.18.3\jackson-annotations-2.18.3.jar;C:\Users\alber\.m2\repository\com\fasterxml\jackson\core\jackson-core\2.18.3\jackson-core-2.18.3.jar;C:\Users\alber\.m2\repository\org\postgresql\postgresql\42.7.5\postgresql-42.7.5.jar;C:\Users\alber\.m2\repository\org\checkerframework\checker-qual\3.48.3\checker-qual-3.48.3.jar;C:\Users\alber\.m2\repository\jakarta\xml\bind\jakarta.xml.bind-api\4.0.2\jakarta.xml.bind-api-4.0.2.jar;C:\Users\alber\.m2\repository\jakarta\activation\jakarta.activation-api\2.1.3\jakarta.activation-api-2.1.3.jar;C:\Users\alber\.m2\repository\org\springframework\spring-core\6.2.5\spring-core-6.2.5.jar;C:\Users\alber\.m2\repository\org\springframework\spring-jcl\6.2.5\spring-jcl-6.2.5.jar;C:\Users\alber\.m2\repository\org\springframework\security\spring-security-core\6.4.4\spring-security-core-6.4.4.jar;C:\Users\alber\.m2\repository\org\springframework\security\spring-security-crypto\6.4.4\spring-security-crypto-6.4.4.jar
Launcher Type: SUN_STANDARD

[Global flags]
     intx CICompilerCount                          = 15                                        {product} {ergonomic}
     uint ConcGCThreads                            = 6                                         {product} {ergonomic}
     uint G1ConcRefinementThreads                  = 23                                        {product} {ergonomic}
   size_t G1HeapRegionSize                         = 4194304                                   {product} {ergonomic}
   size_t InitialHeapSize                          = 532676608                                 {product} {ergonomic}
   size_t MarkStackSize                            = 4194304                                   {product} {ergonomic}
   size_t MarkStackSizeMax                         = 536870912                                 {product} {ergonomic}
   size_t MaxHeapSize                              = 8514437120                                {product} {ergonomic}
   size_t MaxNewSize                               = 5108662272                                {product} {ergonomic}
   size_t MinHeapDeltaBytes                        = 4194304                                   {product} {ergonomic}
   size_t MinHeapSize                              = 8388608                                   {product} {ergonomic}
    uintx NonNMethodCodeHeapSize                   = 8192000                                {pd product} {ergonomic}
    uintx NonProfiledCodeHeapSize                  = 121765888                              {pd product} {ergonomic}
    uintx ProfiledCodeHeapSize                     = 121700352                              {pd product} {ergonomic}
    uintx ReservedCodeCacheSize                    = 251658240                              {pd product} {ergonomic}
     bool SegmentedCodeCache                       = true                                      {product} {ergonomic}
   size_t SoftMaxHeapSize                          = 8514437120                             {manageable} {ergonomic}
     bool UseCompressedOops                        = true                           {product lp64_product} {ergonomic}
     bool UseG1GC                                  = true                                      {product} {ergonomic}
     bool UseLargePagesIndividualAllocation        = false                                  {pd product} {ergonomic}

Logging:
Log output configuration:
 #0: stdout all=warning uptime,level,tags foldmultilines=false
 #1: stderr all=off uptime,level,tags foldmultilines=false

Environment Variables:
PATH=C:\Program Files\Common Files\Oracle\Java\javapath;C:\Windows\system32;C:\Windows;C:\Windows\System32\Wbem;C:\Windows\System32\WindowsPowerShell\v1.0\;C:\Windows\System32\OpenSSH\;C:\Program Files (x86)\NVIDIA Corporation\PhysX\Common;C:\Program Files\NVIDIA Corporation\NVIDIA NvDLISR;C:\Program Files\Docker\Docker\resources\bin;C:\tools\lib\maven\bin;C:\Program Files\Git\cmd;C:\Users\alber\AppData\Local\Microsoft\WindowsApps;C:\Users\alber\AppData\Local\Programs\Microsoft VS Code\bin
USERNAME=alber
OS=Windows_NT
PROCESSOR_IDENTIFIER=Intel64 Family 6 Model 183 Stepping 1, GenuineIntel
TMP=C:\Users\alber\AppData\Local\Temp
TEMP=C:\Users\alber\AppData\Local\Temp




Periodic native trim disabled

---------------  S Y S T E M  ---------------

OS:
 Windows 11 , 64 bit Build 26100 (10.0.26100.3775)
OS uptime: 3 days 21:13 hours
Hyper-V role detected

CPU: total 32 (initial active 32) (16 cores per cpu, 2 threads per core) family 6 model 183 stepping 1 microcode 0x129, cx8, cmov, fxsr, ht, mmx, 3dnowpref, sse, sse2, sse3, ssse3, sse4.1, sse4.2, popcnt, lzcnt, tsc, tscinvbit, avx, avx2, aes, erms, clmul, bmi1, bmi2, adx, sha, fma, vzeroupper, clflush, clflushopt, clwb, hv, serialize, rdtscp, rdpid, fsrm, gfni, f16c, cet_ibt, cet_ss
Processor Information for processor 0
  Max Mhz: 2200, Current Mhz: 2200, Mhz Limit: 2200
Processor Information for processor 1
  Max Mhz: 2200, Current Mhz: 1466, Mhz Limit: 2200
Processor Information for processor 2
  Max Mhz: 2200, Current Mhz: 1466, Mhz Limit: 2200
Processor Information for processor 3
  Max Mhz: 2200, Current Mhz: 2200, Mhz Limit: 2200
Processor Information for processor 4
  Max Mhz: 2200, Current Mhz: 2200, Mhz Limit: 2200
Processor Information for processor 5
  Max Mhz: 2200, Current Mhz: 2200, Mhz Limit: 2200
Processor Information for processor 6
  Max Mhz: 2200, Current Mhz: 1466, Mhz Limit: 2200
Processor Information for processor 7
  Max Mhz: 2200, Current Mhz: 2200, Mhz Limit: 2200
Processor Information for processor 8
  Max Mhz: 2200, Current Mhz: 2200, Mhz Limit: 2200
Processor Information for processor 9
  Max Mhz: 2200, Current Mhz: 1466, Mhz Limit: 2200
Processor Information for processor 10
  Max Mhz: 2200, Current Mhz: 2200, Mhz Limit: 2200
Processor Information for processor 11
  Max Mhz: 2200, Current Mhz: 1466, Mhz Limit: 2200
Processor Information for processor 12
  Max Mhz: 2200, Current Mhz: 2200, Mhz Limit: 2200
Processor Information for processor 13
  Max Mhz: 2200, Current Mhz: 1466, Mhz Limit: 2200
Processor Information for processor 14
  Max Mhz: 2200, Current Mhz: 2200, Mhz Limit: 2200
Processor Information for processor 15
  Max Mhz: 2200, Current Mhz: 1466, Mhz Limit: 2200
Processor Information for processor 16
  Max Mhz: 2200, Current Mhz: 2200, Mhz Limit: 2200
Processor Information for processor 17
  Max Mhz: 2200, Current Mhz: 1512, Mhz Limit: 2200
Processor Information for processor 18
  Max Mhz: 2200, Current Mhz: 1512, Mhz Limit: 2200
Processor Information for processor 19
  Max Mhz: 2200, Current Mhz: 2200, Mhz Limit: 2200
Processor Information for processor 20
  Max Mhz: 2200, Current Mhz: 1512, Mhz Limit: 2200
Processor Information for processor 21
  Max Mhz: 2200, Current Mhz: 1512, Mhz Limit: 2200
Processor Information for processor 22
  Max Mhz: 2200, Current Mhz: 2200, Mhz Limit: 2200
Processor Information for processor 23
  Max Mhz: 2200, Current Mhz: 2200, Mhz Limit: 2200
Processor Information for processor 24
  Max Mhz: 2200, Current Mhz: 2200, Mhz Limit: 2200
Processor Information for processor 25
  Max Mhz: 2200, Current Mhz: 2200, Mhz Limit: 2200
Processor Information for processor 26
  Max Mhz: 2200, Current Mhz: 2200, Mhz Limit: 2200
Processor Information for processor 27
  Max Mhz: 2200, Current Mhz: 1512, Mhz Limit: 2200
Processor Information for processor 28
  Max Mhz: 2200, Current Mhz: 1512, Mhz Limit: 2200
Processor Information for processor 29
  Max Mhz: 2200, Current Mhz: 1512, Mhz Limit: 2200
Processor Information for processor 30
  Max Mhz: 2200, Current Mhz: 1512, Mhz Limit: 2200
Processor Information for processor 31
  Max Mhz: 2200, Current Mhz: 1512, Mhz Limit: 2200

Memory: 4k page, system-wide physical 32472M (15522M free)
TotalPageFile size 34520M (AvailPageFile size 12163M)
current process WorkingSet (physical memory assigned to process): 178M, peak: 185M
current process commit charge ("private bytes"): 254M, peak: 709M

vm_info: Java HotSpot(TM) 64-Bit Server VM (23.0.1+11-39) for windows-amd64 JRE (23.0.1+11-39), built on 2024-09-30T07:20:43Z with MS VC++ 17.6 (VS2022)

END.
